<?xml version="1.0" encoding="UTF-8"?>
<!-- Generated by org.testng.reporters.JUnitReportReporter -->
<testsuite hostname="EPINHYDW077F" failures="0" tests="12" name="com.epam.CalculatorDemo.DoubleMultiplicationTestCases" time="0.019" errors="0" timestamp="2021-04-04T11:56:17 IST" skipped="0">
  <testcase classname="com.epam.CalculatorDemo.DoubleMultiplicationTestCases" name="multiplyTwoDouble" time="0.003"/>
  <system-out/>
  <testcase classname="com.epam.CalculatorDemo.DoubleMultiplicationTestCases" name="multiplyTwoDouble" time="0.001"/>
  <system-out/>
  <testcase classname="com.epam.CalculatorDemo.DoubleMultiplicationTestCases" name="multiplyTwoDouble" time="0.006"/>
  <system-out/>
  <testcase classname="com.epam.CalculatorDemo.DoubleMultiplicationTestCases" name="multiplyTwoDouble" time="0.001"/>
  <system-out/>
  <testcase classname="com.epam.CalculatorDemo.DoubleMultiplicationTestCases" name="multiplyTwoDouble" time="0.000"/>
  <system-out/>
  <testcase classname="com.epam.CalculatorDemo.DoubleMultiplicationTestCases" name="multiplyTwoDoubleAtBoundaryTestCases" time="0.001"/>
  <system-out/>
  <testcase classname="com.epam.CalculatorDemo.DoubleMultiplicationTestCases" name="multiplyTwoDoubleAtBoundaryTestCases" time="0.002"/>
  <system-out/>
  <testcase classname="com.epam.CalculatorDemo.DoubleMultiplicationTestCases" name="multiplyTwoDouble" time="0.001"/>
  <system-out/>
  <testcase classname="com.epam.CalculatorDemo.DoubleMultiplicationTestCases" name="multiplyTwoDouble" time="0.001"/>
  <system-out/>
  <testcase classname="com.epam.CalculatorDemo.DoubleMultiplicationTestCases" name="multiplyTwoDouble" time="0.001"/>
  <system-out/>
  <testcase classname="com.epam.CalculatorDemo.DoubleMultiplicationTestCases" name="multiplyTwoDoubleAtBoundaryTestCases" time="0.001"/>
  <system-out/>
  <testcase classname="com.epam.CalculatorDemo.DoubleMultiplicationTestCases" name="multiplyTwoDoubleAtBoundaryTestCases" time="0.001"/>
  <system-out/>
</testsuite> <!-- com.epam.CalculatorDemo.DoubleMultiplicationTestCases -->
