<?xml version="1.0" encoding="UTF-8"?>
<!-- Generated by org.testng.reporters.JUnitReportReporter -->
<testsuite hostname="EPINHYDW077F" failures="0" tests="7" name="com.epam.CalculatorDemo.MultiplicationTestCases" time="0.024" errors="0" timestamp="2021-03-01T09:57:06 IST" skipped="0">
  <testcase classname="com.epam.CalculatorDemo.MultiplicationTestCases" name="addTwoDouble" time="0.002"/>
  <system-out/>
  <testcase classname="com.epam.CalculatorDemo.MultiplicationTestCases" name="addTwoDouble" time="0.002"/>
  <system-out/>
  <testcase classname="com.epam.CalculatorDemo.MultiplicationTestCases" name="addTwoDouble" time="0.001"/>
  <system-out/>
  <testcase classname="com.epam.CalculatorDemo.MultiplicationTestCases" name="addTwoDouble" time="0.009"/>
  <system-out/>
  <testcase classname="com.epam.CalculatorDemo.MultiplicationTestCases" name="addTwoDouble" time="0.005"/>
  <system-out/>
  <testcase classname="com.epam.CalculatorDemo.MultiplicationTestCases" name="addTwoDouble" time="0.002"/>
  <system-out/>
  <testcase classname="com.epam.CalculatorDemo.MultiplicationTestCases" name="addTwoDouble" time="0.003"/>
  <system-out/>
</testsuite> <!-- com.epam.CalculatorDemo.MultiplicationTestCases -->
