<?xml version="1.0" encoding="UTF-8"?>
<!-- Generated by org.testng.reporters.JUnitReportReporter -->
<testsuite hostname="EPINHYDW077F" failures="0" tests="3" name="com.epam.CalculatorDemo.DivisionTestCases" time="0.010" errors="0" timestamp="2021-03-02T01:37:24 IST" skipped="0">
  <testcase classname="com.epam.CalculatorDemo.DivisionTestCases" name="fun21" time="0.007"/>
  <system-out/>
  <testcase classname="com.epam.CalculatorDemo.DivisionTestCases" name="fun1" time="0.001"/>
  <system-out/>
  <testcase classname="com.epam.CalculatorDemo.DivisionTestCases" name="fun2" time="0.002"/>
  <system-out/>
</testsuite> <!-- com.epam.CalculatorDemo.DivisionTestCases -->
