<?xml version="1.0" encoding="UTF-8"?>
<!-- Generated by org.testng.reporters.JUnitReportReporter -->
<testsuite hostname="EPINHYDW077F" failures="0" tests="6" name="com.epam.CalculatorDemo.AppTest" time="0.017" errors="0" timestamp="2021-03-01T09:50:43 IST" skipped="0">
  <testcase classname="com.epam.CalculatorDemo.AppTest" name="cddTwoLong22" time="0.001"/>
  <system-out/>
  <testcase classname="com.epam.CalculatorDemo.AppTest" name="addTwoLong22" time="0.006"/>
  <system-out/>
  <testcase classname="com.epam.CalculatorDemo.AppTest" name="bddTwoLong22" time="0.003"/>
  <system-out/>
  <testcase classname="com.epam.CalculatorDemo.AppTest" name="cddTwoLong" time="0.002"/>
  <system-out/>
  <testcase classname="com.epam.CalculatorDemo.AppTest" name="addTwoLong2" time="0.002"/>
  <system-out/>
  <testcase classname="com.epam.CalculatorDemo.AppTest" name="bddTwoLong2" time="0.003"/>
  <system-out/>
</testsuite> <!-- com.epam.CalculatorDemo.AppTest -->
