<?xml version="1.0" encoding="UTF-8"?>
<!-- Generated by org.testng.reporters.JUnitReportReporter -->
<testsuite hostname="EPINHYDW077F" failures="0" tests="9" name="com.epam.CalculatorDemo.LongSubractionTestCases" time="0.032" errors="0" timestamp="2021-04-04T11:56:17 IST" skipped="0">
  <testcase classname="com.epam.CalculatorDemo.LongSubractionTestCases" name="testSubractionForBoundaryLongData" time="0.001"/>
  <system-out/>
  <testcase classname="com.epam.CalculatorDemo.LongSubractionTestCases" name="testSubractionForBoundaryLongData" time="0.006"/>
  <system-out/>
  <testcase classname="com.epam.CalculatorDemo.LongSubractionTestCases" name="testSubractionForNormalLongData" time="0.002"/>
  <system-out/>
  <testcase classname="com.epam.CalculatorDemo.LongSubractionTestCases" name="testSubractionForBoundaryLongData" time="0.002"/>
  <system-out/>
  <testcase classname="com.epam.CalculatorDemo.LongSubractionTestCases" name="testSubractionForBoundaryLongData" time="0.002"/>
  <system-out/>
  <testcase classname="com.epam.CalculatorDemo.LongSubractionTestCases" name="testSubractionForNormalLongData" time="0.002"/>
  <system-out/>
  <testcase classname="com.epam.CalculatorDemo.LongSubractionTestCases" name="testSubractionForNormalLongData" time="0.003"/>
  <system-out/>
  <testcase classname="com.epam.CalculatorDemo.LongSubractionTestCases" name="testSubractionForBoundaryLongData" time="0.010"/>
  <system-out/>
  <testcase classname="com.epam.CalculatorDemo.LongSubractionTestCases" name="testSubractionForNormalLongData" time="0.004"/>
  <system-out/>
</testsuite> <!-- com.epam.CalculatorDemo.LongSubractionTestCases -->
