<?xml version="1.0" encoding="UTF-8"?>
<!-- Generated by org.testng.reporters.JUnitReportReporter -->
<testsuite hostname="EPINHYDW077F" failures="0" tests="8" name="com.epam.CalculatorDemo.DoubleAdditionTestCases" time="0.032" errors="0" timestamp="2021-04-04T12:08:59 IST" skipped="0">
  <testcase classname="com.epam.CalculatorDemo.DoubleAdditionTestCases" name="testAdditionForBoundaryData" time="0.003"/>
  <system-out/>
  <testcase classname="com.epam.CalculatorDemo.DoubleAdditionTestCases" name="testAdditionForNormalData" time="0.002"/>
  <system-out/>
  <testcase classname="com.epam.CalculatorDemo.DoubleAdditionTestCases" name="testAdditionForBoundaryData" time="0.003"/>
  <system-out/>
  <testcase classname="com.epam.CalculatorDemo.DoubleAdditionTestCases" name="testAdditionForBoundaryData" time="0.003"/>
  <system-out/>
  <testcase classname="com.epam.CalculatorDemo.DoubleAdditionTestCases" name="testAdditionForNormalData" time="0.008"/>
  <system-out/>
  <testcase classname="com.epam.CalculatorDemo.DoubleAdditionTestCases" name="testAdditionForNormalData" time="0.001"/>
  <system-out/>
  <testcase classname="com.epam.CalculatorDemo.DoubleAdditionTestCases" name="testAdditionForBoundaryData" time="0.002"/>
  <system-out/>
  <testcase classname="com.epam.CalculatorDemo.DoubleAdditionTestCases" name="testAdditionForBoundaryData" time="0.010"/>
  <system-out/>
</testsuite> <!-- com.epam.CalculatorDemo.DoubleAdditionTestCases -->
