<?xml version="1.0" encoding="UTF-8"?>
<!-- Generated by org.testng.reporters.JUnitReportReporter -->
<testsuite hostname="EPINHYDW077F" failures="0" tests="11" name="com.epam.CalculatorDemo.IsNegativeTestCases" time="0.024" errors="0" timestamp="2021-04-04T11:56:17 IST" skipped="0">
  <testcase classname="com.epam.CalculatorDemo.IsNegativeTestCases" name="isPositiveTestcases" time="0.002"/>
  <system-out/>
  <testcase classname="com.epam.CalculatorDemo.IsNegativeTestCases" name="isPositiveTestcases" time="0.001"/>
  <system-out/>
  <testcase classname="com.epam.CalculatorDemo.IsNegativeTestCases" name="isNegativeTestcases" time="0.002"/>
  <system-out/>
  <testcase classname="com.epam.CalculatorDemo.IsNegativeTestCases" name="isNegativeTestcases" time="0.003"/>
  <system-out/>
  <testcase classname="com.epam.CalculatorDemo.IsNegativeTestCases" name="isNegativeTestcases" time="0.003"/>
  <system-out/>
  <testcase classname="com.epam.CalculatorDemo.IsNegativeTestCases" name="isNegativeTestcases" time="0.004"/>
  <system-out/>
  <testcase classname="com.epam.CalculatorDemo.IsNegativeTestCases" name="isPositiveTestcases" time="0.004"/>
  <system-out/>
  <testcase classname="com.epam.CalculatorDemo.IsNegativeTestCases" name="passingZeroTestCase" time="0.002"/>
  <system-out/>
  <testcase classname="com.epam.CalculatorDemo.IsNegativeTestCases" name="isPositiveTestcases" time="0.001"/>
  <system-out/>
  <testcase classname="com.epam.CalculatorDemo.IsNegativeTestCases" name="isNegativeTestcases" time="0.001"/>
  <system-out/>
  <testcase classname="com.epam.CalculatorDemo.IsNegativeTestCases" name="isPositiveTestcases" time="0.001"/>
  <system-out/>
</testsuite> <!-- com.epam.CalculatorDemo.IsNegativeTestCases -->
