<?xml version="1.0" encoding="UTF-8"?>
<!-- Generated by org.testng.reporters.JUnitReportReporter -->
<testsuite hostname="EPINHYDW077F" failures="0" tests="11" name="com.epam.CalculatorDemo.DoubleDivisionTestCase" time="0.023" errors="0" timestamp="2021-04-04T11:56:17 IST" skipped="0">
  <testcase classname="com.epam.CalculatorDemo.DoubleDivisionTestCase" name="normalNegativeDoubleDataDivisionTest" time="0.002"/>
  <system-out/>
  <testcase classname="com.epam.CalculatorDemo.DoubleDivisionTestCase" name="normalNegativeDoubleDataDivisionTest" time="0.002"/>
  <system-out/>
  <testcase classname="com.epam.CalculatorDemo.DoubleDivisionTestCase" name="normalPositiveDoubleDataDivisionTest" time="0.002"/>
  <system-out/>
  <testcase classname="com.epam.CalculatorDemo.DoubleDivisionTestCase" name="normalPositiveDoubleDataDivisionTest" time="0.002"/>
  <system-out/>
  <testcase classname="com.epam.CalculatorDemo.DoubleDivisionTestCase" name="normalPositiveDoubleDataDivisionTest" time="0.002"/>
  <system-out/>
  <testcase classname="com.epam.CalculatorDemo.DoubleDivisionTestCase" name="boundaryDoubleDataDivisionTest" time="0.002"/>
  <system-out/>
  <testcase classname="com.epam.CalculatorDemo.DoubleDivisionTestCase" name="boundaryDoubleDataDivisionTest" time="0.002"/>
  <system-out/>
  <testcase classname="com.epam.CalculatorDemo.DoubleDivisionTestCase" name="boundaryDoubleDataDivisionTest" time="0.003"/>
  <system-out/>
  <testcase classname="com.epam.CalculatorDemo.DoubleDivisionTestCase" name="boundaryDoubleDataDivisionTest" time="0.003"/>
  <system-out/>
  <testcase classname="com.epam.CalculatorDemo.DoubleDivisionTestCase" name="normalNegativeDoubleDataDivisionTest" time="0.001"/>
  <system-out/>
  <testcase classname="com.epam.CalculatorDemo.DoubleDivisionTestCase" name="normalPositiveDoubleDataDivisionTest" time="0.002"/>
  <system-out/>
</testsuite> <!-- com.epam.CalculatorDemo.DoubleDivisionTestCase -->
