<?xml version="1.0" encoding="UTF-8"?>
<!-- Generated by org.testng.reporters.JUnitReportReporter -->
<testsuite hostname="EPINHYDW077F" failures="0" tests="7" name="com.epam.CalculatorDemo.LongAdditionTestCases" time="0.025" errors="0" timestamp="2021-04-04T20:47:59 IST" skipped="0">
  <testcase classname="com.epam.CalculatorDemo.LongAdditionTestCases" name="testLongDataAddition" time="0.002"/>
  <system-out/>
  <testcase classname="com.epam.CalculatorDemo.LongAdditionTestCases" name="testLongDataAddition" time="0.002"/>
  <system-out/>
  <testcase classname="com.epam.CalculatorDemo.LongAdditionTestCases" name="testLongDataAddition" time="0.007"/>
  <system-out/>
  <testcase classname="com.epam.CalculatorDemo.LongAdditionTestCases" name="testLongDataAddition" time="0.008"/>
  <system-out/>
  <testcase classname="com.epam.CalculatorDemo.LongAdditionTestCases" name="testLongDataAddition" time="0.002"/>
  <system-out/>
  <testcase classname="com.epam.CalculatorDemo.LongAdditionTestCases" name="testLongDataAddition" time="0.002"/>
  <system-out/>
  <testcase classname="com.epam.CalculatorDemo.LongAdditionTestCases" name="testLongDataAddition" time="0.002"/>
  <system-out/>
</testsuite> <!-- com.epam.CalculatorDemo.LongAdditionTestCases -->
