<?xml version="1.0" encoding="UTF-8"?>
<!-- Generated by org.testng.reporters.JUnitReportReporter -->
<testsuite hostname="EPINHYDW077F" failures="0" tests="11" name="com.epam.CalculatorDemo.isPositiveTestCases" time="0.017" errors="0" timestamp="2021-04-04T11:56:17 IST" skipped="0">
  <testcase classname="com.epam.CalculatorDemo.isPositiveTestCases" name="isNegativeTestcases" time="0.001"/>
  <system-out/>
  <testcase classname="com.epam.CalculatorDemo.isPositiveTestCases" name="isPositiveTestcases" time="0.000"/>
  <system-out/>
  <testcase classname="com.epam.CalculatorDemo.isPositiveTestCases" name="isNegativeTestcases" time="0.000"/>
  <system-out/>
  <testcase classname="com.epam.CalculatorDemo.isPositiveTestCases" name="isPositiveTestcases" time="0.001"/>
  <system-out/>
  <testcase classname="com.epam.CalculatorDemo.isPositiveTestCases" name="isPositiveTestcases" time="0.001"/>
  <system-out/>
  <testcase classname="com.epam.CalculatorDemo.isPositiveTestCases" name="isPositiveTestcases" time="0.007"/>
  <system-out/>
  <testcase classname="com.epam.CalculatorDemo.isPositiveTestCases" name="isNegativeTestcases" time="0.002"/>
  <system-out/>
  <testcase classname="com.epam.CalculatorDemo.isPositiveTestCases" name="passingZeroTestCase" time="0.002"/>
  <system-out/>
  <testcase classname="com.epam.CalculatorDemo.isPositiveTestCases" name="isPositiveTestcases" time="0.001"/>
  <system-out/>
  <testcase classname="com.epam.CalculatorDemo.isPositiveTestCases" name="isNegativeTestcases" time="0.000"/>
  <system-out/>
  <testcase classname="com.epam.CalculatorDemo.isPositiveTestCases" name="isNegativeTestcases" time="0.002"/>
  <system-out/>
</testsuite> <!-- com.epam.CalculatorDemo.isPositiveTestCases -->
