<?xml version="1.0" encoding="UTF-8"?>
<!-- Generated by org.testng.reporters.JUnitReportReporter -->
<testsuite hostname="EPINHYDW077F" failures="0" tests="13" name="com.epam.CalculatorDemo.PowerFunctionTestCases" time="0.023" errors="0" timestamp="2021-04-04T11:56:17 IST" skipped="0">
  <testcase classname="com.epam.CalculatorDemo.PowerFunctionTestCases" name="testPowerAtNormalValues" time="0.001"/>
  <system-out/>
  <testcase classname="com.epam.CalculatorDemo.PowerFunctionTestCases" name="testPowerAtNormalValues" time="0.002"/>
  <system-out/>
  <testcase classname="com.epam.CalculatorDemo.PowerFunctionTestCases" name="testPowerAtBoundaryValues" time="0.005"/>
  <system-out/>
  <testcase classname="com.epam.CalculatorDemo.PowerFunctionTestCases" name="testPowerAtBoundaryValues" time="0.001"/>
  <system-out/>
  <testcase classname="com.epam.CalculatorDemo.PowerFunctionTestCases" name="testPowerAtBoundaryValues" time="0.002"/>
  <system-out/>
  <testcase classname="com.epam.CalculatorDemo.PowerFunctionTestCases" name="testPowerAtNormalValues" time="0.001"/>
  <system-out/>
  <testcase classname="com.epam.CalculatorDemo.PowerFunctionTestCases" name="testPowerAtBoundaryValues" time="0.002"/>
  <system-out/>
  <testcase classname="com.epam.CalculatorDemo.PowerFunctionTestCases" name="testPowerAtBoundaryValues" time="0.001"/>
  <system-out/>
  <testcase classname="com.epam.CalculatorDemo.PowerFunctionTestCases" name="testPowerAtNormalValues" time="0.003"/>
  <system-out/>
  <testcase classname="com.epam.CalculatorDemo.PowerFunctionTestCases" name="testPowerAtNormalValues" time="0.001"/>
  <system-out/>
  <testcase classname="com.epam.CalculatorDemo.PowerFunctionTestCases" name="testPowerAtBoundaryValues" time="0.002"/>
  <system-out/>
  <testcase classname="com.epam.CalculatorDemo.PowerFunctionTestCases" name="testPowerAtNormalValues" time="0.001"/>
  <system-out/>
  <testcase classname="com.epam.CalculatorDemo.PowerFunctionTestCases" name="testPowerAtBoundaryValues" time="0.001"/>
  <system-out/>
</testsuite> <!-- com.epam.CalculatorDemo.PowerFunctionTestCases -->
