<?xml version="1.0" encoding="UTF-8"?>
<!-- Generated by org.testng.reporters.JUnitReportReporter -->
<testsuite hostname="EPINHYDW077F" failures="0" tests="10" name="com.epam.CalculatorDemo.DoubleSubractionTestCases" time="0.016" errors="0" timestamp="2021-04-04T11:56:17 IST" skipped="0">
  <testcase classname="com.epam.CalculatorDemo.DoubleSubractionTestCases" name="testSubractionWithNormalData" time="0.001"/>
  <system-out/>
  <testcase classname="com.epam.CalculatorDemo.DoubleSubractionTestCases" name="testSubractionWithNormalData" time="0.001"/>
  <system-out/>
  <testcase classname="com.epam.CalculatorDemo.DoubleSubractionTestCases" name="testSubractionWithBoundaryData" time="0.002"/>
  <system-out/>
  <testcase classname="com.epam.CalculatorDemo.DoubleSubractionTestCases" name="testSubractionWithNormalData" time="0.001"/>
  <system-out/>
  <testcase classname="com.epam.CalculatorDemo.DoubleSubractionTestCases" name="testSubractionWithBoundaryData" time="0.002"/>
  <system-out/>
  <testcase classname="com.epam.CalculatorDemo.DoubleSubractionTestCases" name="testSubractionWithBoundaryData" time="0.001"/>
  <system-out/>
  <testcase classname="com.epam.CalculatorDemo.DoubleSubractionTestCases" name="testSubractionWithNormalData" time="0.002"/>
  <system-out/>
  <testcase classname="com.epam.CalculatorDemo.DoubleSubractionTestCases" name="testSubractionWithNormalData" time="0.002"/>
  <system-out/>
  <testcase classname="com.epam.CalculatorDemo.DoubleSubractionTestCases" name="testSubractionWithBoundaryData" time="0.002"/>
  <system-out/>
  <testcase classname="com.epam.CalculatorDemo.DoubleSubractionTestCases" name="testSubractionWithBoundaryData" time="0.002"/>
  <system-out/>
</testsuite> <!-- com.epam.CalculatorDemo.DoubleSubractionTestCases -->
