<?xml version="1.0" encoding="UTF-8"?>
<!-- Generated by org.testng.reporters.JUnitReportReporter -->
<testsuite hostname="EPINHYDW077F" failures="0" tests="10" name="com.epam.CalculatorDemo.SquareRootTestCases" time="0.031" errors="0" timestamp="2021-04-04T20:45:49 IST" skipped="0">
  <testcase classname="com.epam.CalculatorDemo.SquareRootTestCases" name="testSquareRootFunction" time="0.001"/>
  <system-out/>
  <testcase classname="com.epam.CalculatorDemo.SquareRootTestCases" name="testSquareRootFunction" time="0.001"/>
  <system-out/>
  <testcase classname="com.epam.CalculatorDemo.SquareRootTestCases" name="testSquareRootFunction" time="0.004"/>
  <system-out/>
  <testcase classname="com.epam.CalculatorDemo.SquareRootTestCases" name="testSquareRootFunction" time="0.007"/>
  <system-out/>
  <testcase classname="com.epam.CalculatorDemo.SquareRootTestCases" name="testSquareRootFunction" time="0.002"/>
  <system-out/>
  <testcase classname="com.epam.CalculatorDemo.SquareRootTestCases" name="testSquareRootFunction" time="0.001"/>
  <system-out/>
  <testcase classname="com.epam.CalculatorDemo.SquareRootTestCases" name="testSquareRootFunction" time="0.002"/>
  <system-out/>
  <testcase classname="com.epam.CalculatorDemo.SquareRootTestCases" name="testSquareRootFunction" time="0.003"/>
  <system-out/>
  <testcase classname="com.epam.CalculatorDemo.SquareRootTestCases" name="testSquareRootFunction" time="0.007"/>
  <system-out/>
  <testcase classname="com.epam.CalculatorDemo.SquareRootTestCases" name="testSquareRootFunction" time="0.003"/>
  <system-out/>
</testsuite> <!-- com.epam.CalculatorDemo.SquareRootTestCases -->
