<?xml version="1.0" encoding="UTF-8"?>
<!-- Generated by org.testng.reporters.JUnitReportReporter -->
<testsuite hostname="EPINHYDW077F" failures="0" tests="9" name="com.epam.programs_portal.tests.regression_test.AddingCollegeWithValidDataTestCase" time="95.647" errors="0" timestamp="2021-05-09T16:55:20 IST" skipped="0">
  <testcase classname="com.epam.programs_portal.tests.regression_test.AddingCollegeWithValidDataTestCase" name="setup" time="58.912"/>
  <system-out/>
  <testcase classname="com.epam.programs_portal.tests.regression_test.AddingCollegeWithValidDataTestCase" name="addingACollege" time="4.852"/>
  <system-out/>
  <testcase classname="com.epam.programs_portal.tests.regression_test.AddingCollegeWithValidDataTestCase" name="addingACollege" time="4.516"/>
  <system-out/>
  <testcase classname="com.epam.programs_portal.tests.regression_test.AddingCollegeWithValidDataTestCase" name="addingACollege" time="5.004"/>
  <system-out/>
  <testcase classname="com.epam.programs_portal.tests.regression_test.AddingCollegeWithValidDataTestCase" name="tearDown" time="0.038"/>
  <system-out/>
  <testcase classname="com.epam.programs_portal.tests.regression_test.AddingCollegeWithValidDataTestCase" name="addingACollege" time="5.287"/>
  <system-out/>
  <testcase classname="com.epam.programs_portal.tests.regression_test.AddingCollegeWithValidDataTestCase" name="addingACollege" time="6.304"/>
  <system-out/>
  <testcase classname="com.epam.programs_portal.tests.regression_test.AddingCollegeWithValidDataTestCase" name="addingACollege" time="5.560"/>
  <system-out/>
  <testcase classname="com.epam.programs_portal.tests.regression_test.AddingCollegeWithValidDataTestCase" name="addingACollege" time="5.174"/>
  <system-out/>
</testsuite> <!-- com.epam.programs_portal.tests.regression_test.AddingCollegeWithValidDataTestCase -->
