<?xml version="1.0" encoding="UTF-8"?>
<!-- Generated by org.testng.reporters.JUnitReportReporter -->
<testsuite hostname="EPINHYDW077F" failures="0" tests="4" name="com.epam.programs_portal.tests.smoke_test.SignUpSmokeTestCase" time="0.149" errors="0" timestamp="2021-05-09T16:55:19 IST" skipped="0">
  <testcase classname="com.epam.programs_portal.tests.smoke_test.SignUpSmokeTestCase" name="isPasswordIconVisible" time="0.028"/>
  <system-out/>
  <testcase classname="com.epam.programs_portal.tests.smoke_test.SignUpSmokeTestCase" name="isEmailIconVisible" time="0.024"/>
  <system-out/>
  <testcase classname="com.epam.programs_portal.tests.smoke_test.SignUpSmokeTestCase" name="isSignUpPageOpening" time="0.009"/>
  <system-out/>
  <testcase classname="com.epam.programs_portal.tests.smoke_test.SignUpSmokeTestCase" name="isSignUpHeadingVisible" time="0.088"/>
  <system-out/>
</testsuite> <!-- com.epam.programs_portal.tests.smoke_test.SignUpSmokeTestCase -->
