<?xml version="1.0" encoding="UTF-8"?>
<!-- Generated by org.testng.reporters.JUnitReportReporter -->
<testsuite hostname="EPINHYDW077F" failures="0" tests="6" name="com.epam.programs_portal.tests.regression_test.AddingCollegeWIthInvalidDataTestCase" time="73.244" errors="0" timestamp="2021-05-09T16:55:19 IST" skipped="0">
  <testcase classname="com.epam.programs_portal.tests.regression_test.AddingCollegeWIthInvalidDataTestCase" name="addingACollege" time="2.279"/>
  <system-out/>
  <testcase classname="com.epam.programs_portal.tests.regression_test.AddingCollegeWIthInvalidDataTestCase" name="setup" time="63.602"/>
  <system-out/>
  <testcase classname="com.epam.programs_portal.tests.regression_test.AddingCollegeWIthInvalidDataTestCase" name="addingACollege" time="2.130"/>
  <system-out/>
  <testcase classname="com.epam.programs_portal.tests.regression_test.AddingCollegeWIthInvalidDataTestCase" name="addingACollege" time="2.156"/>
  <system-out/>
  <testcase classname="com.epam.programs_portal.tests.regression_test.AddingCollegeWIthInvalidDataTestCase" name="addingACollege" time="2.451"/>
  <system-out/>
  <testcase classname="com.epam.programs_portal.tests.regression_test.AddingCollegeWIthInvalidDataTestCase" name="tearDown" time="0.626"/>
  <system-out/>
</testsuite> <!-- com.epam.programs_portal.tests.regression_test.AddingCollegeWIthInvalidDataTestCase -->
