<?xml version="1.0" encoding="UTF-8"?>
<!-- Generated by org.testng.reporters.JUnitReportReporter -->
<testsuite hostname="EPINHYDW077F" failures="0" tests="5" name="com.epam.programs_portal.regression_test.AddingCollegeWIthInvalidDataTestCase" time="34.078" errors="0" timestamp="2021-05-02T10:42:19 IST" skipped="0">
  <testcase classname="com.epam.programs_portal.regression_test.AddingCollegeWIthInvalidDataTestCase" name="setup" time="21.267"/>
  <system-out/>
  <testcase classname="com.epam.programs_portal.regression_test.AddingCollegeWIthInvalidDataTestCase" name="addingACollege" time="3.678"/>
  <system-out/>
  <testcase classname="com.epam.programs_portal.regression_test.AddingCollegeWIthInvalidDataTestCase" name="addingACollege" time="2.979"/>
  <system-out/>
  <testcase classname="com.epam.programs_portal.regression_test.AddingCollegeWIthInvalidDataTestCase" name="addingACollege" time="3.179"/>
  <system-out/>
  <testcase classname="com.epam.programs_portal.regression_test.AddingCollegeWIthInvalidDataTestCase" name="addingACollege" time="2.975"/>
  <system-out/>
</testsuite> <!-- com.epam.programs_portal.regression_test.AddingCollegeWIthInvalidDataTestCase -->
