<?xml version="1.0" encoding="UTF-8"?>
<!-- Generated by org.testng.reporters.JUnitReportReporter -->
<testsuite hostname="EPINHYDW077F" failures="0" tests="4" name="com.epam.programs_portal.tests.regression_test.SignInTestCase" time="43.693" errors="0" timestamp="2021-05-09T16:55:19 IST" skipped="0">
  <testcase classname="com.epam.programs_portal.tests.regression_test.SignInTestCase" name="signIn" time="1.405"/>
  <system-out/>
  <testcase classname="com.epam.programs_portal.tests.regression_test.SignInTestCase" name="signIn" time="39.294"/>
  <system-out/>
  <testcase classname="com.epam.programs_portal.tests.regression_test.SignInTestCase" name="signIn" time="1.650"/>
  <system-out/>
  <testcase classname="com.epam.programs_portal.tests.regression_test.SignInTestCase" name="signIn" time="1.344"/>
  <system-out/>
</testsuite> <!-- com.epam.programs_portal.tests.regression_test.SignInTestCase -->
