<?xml version="1.0" encoding="UTF-8"?>
<!-- Generated by org.testng.reporters.JUnitReportReporter -->
<testsuite hostname="EPINHYDW077F" failures="0" tests="7" name="com.epam.programs_portal.tests.regression_test.SearchingInCollegesTestCase" time="117.745" errors="0" timestamp="2021-05-09T16:55:19 IST" skipped="0">
  <testcase classname="com.epam.programs_portal.tests.regression_test.SearchingInCollegesTestCase" name="search" time="5.529"/>
  <system-out/>
  <testcase classname="com.epam.programs_portal.tests.regression_test.SearchingInCollegesTestCase" name="search" time="7.086"/>
  <system-out/>
  <testcase classname="com.epam.programs_portal.tests.regression_test.SearchingInCollegesTestCase" name="search" time="5.636"/>
  <system-out/>
  <testcase classname="com.epam.programs_portal.tests.regression_test.SearchingInCollegesTestCase" name="search" time="9.642"/>
  <system-out/>
  <testcase classname="com.epam.programs_portal.tests.regression_test.SearchingInCollegesTestCase" name="search" time="5.566"/>
  <system-out/>
  <testcase classname="com.epam.programs_portal.tests.regression_test.SearchingInCollegesTestCase" name="tearDown" time="0.237"/>
  <system-out/>
  <testcase classname="com.epam.programs_portal.tests.regression_test.SearchingInCollegesTestCase" name="launchBrowser" time="84.049"/>
  <system-out/>
</testsuite> <!-- com.epam.programs_portal.tests.regression_test.SearchingInCollegesTestCase -->
