<?xml version="1.0" encoding="UTF-8"?>
<!-- Generated by org.testng.reporters.JUnitReportReporter -->
<testsuite hostname="EPINHYDW077F" failures="0" tests="6" name="com.epam.programs_portal.tests.smoke_test.SignInSmokeTestCase" time="0.864" errors="0" timestamp="2021-05-09T16:55:20 IST" skipped="0">
  <testcase classname="com.epam.programs_portal.tests.smoke_test.SignInSmokeTestCase" name="checkForgotPasswordText" time="0.630"/>
  <system-out/>
  <testcase classname="com.epam.programs_portal.tests.smoke_test.SignInSmokeTestCase" name="isForgotPasswordVisible" time="0.026"/>
  <system-out/>
  <testcase classname="com.epam.programs_portal.tests.smoke_test.SignInSmokeTestCase" name="isEmailIconVisible" time="0.050"/>
  <system-out/>
  <testcase classname="com.epam.programs_portal.tests.smoke_test.SignInSmokeTestCase" name="isSignUpPageOpening" time="0.010"/>
  <system-out/>
  <testcase classname="com.epam.programs_portal.tests.smoke_test.SignInSmokeTestCase" name="isPasswordIconVisible" time="0.060"/>
  <system-out/>
  <testcase classname="com.epam.programs_portal.tests.smoke_test.SignInSmokeTestCase" name="isSignInHeadingVisible" time="0.088"/>
  <system-out/>
</testsuite> <!-- com.epam.programs_portal.tests.smoke_test.SignInSmokeTestCase -->
