<?xml version="1.0" encoding="UTF-8"?>
<!-- Generated by org.testng.reporters.JUnitReportReporter -->
<testsuite hostname="EPINHYDW077F" failures="0" tests="7" name="com.epam.programs_portal.regression_test.SearchingInCollegesTestCases" time="105.203" errors="0" timestamp="2021-04-30T09:39:43 IST" skipped="0">
  <testcase classname="com.epam.programs_portal.regression_test.SearchingInCollegesTestCases" name="search" time="5.520"/>
  <system-out/>
  <testcase classname="com.epam.programs_portal.regression_test.SearchingInCollegesTestCases" name="tearDown" time="0.245"/>
  <system-out/>
  <testcase classname="com.epam.programs_portal.regression_test.SearchingInCollegesTestCases" name="search" time="5.417"/>
  <system-out/>
  <testcase classname="com.epam.programs_portal.regression_test.SearchingInCollegesTestCases" name="launchBrowser" time="73.709"/>
  <system-out/>
  <testcase classname="com.epam.programs_portal.regression_test.SearchingInCollegesTestCases" name="search" time="5.664"/>
  <system-out/>
  <testcase classname="com.epam.programs_portal.regression_test.SearchingInCollegesTestCases" name="search" time="6.708"/>
  <system-out/>
  <testcase classname="com.epam.programs_portal.regression_test.SearchingInCollegesTestCases" name="search" time="7.940"/>
  <system-out/>
</testsuite> <!-- com.epam.programs_portal.regression_test.SearchingInCollegesTestCases -->
