<?xml version="1.0" encoding="UTF-8"?>
<!-- Generated by org.testng.reporters.JUnitReportReporter -->
<testsuite hostname="EPINHYDW077F" failures="0" tests="26" name="com.epam.programs_portal.tests.api_testing.ProgramPortalAPI_Testing" time="48.880" errors="0" timestamp="2021-05-09T16:55:20 IST" skipped="0">
  <testcase classname="com.epam.programs_portal.tests.api_testing.ProgramPortalAPI_Testing" name="deleteCollegesById" time="0.747"/>
  <system-out/>
  <testcase classname="com.epam.programs_portal.tests.api_testing.ProgramPortalAPI_Testing" name="editCollegeByID" time="0.474"/>
  <system-out/>
  <testcase classname="com.epam.programs_portal.tests.api_testing.ProgramPortalAPI_Testing" name="deleteCollegeByID" time="5.784"/>
  <system-out/>
  <testcase classname="com.epam.programs_portal.tests.api_testing.ProgramPortalAPI_Testing" name="deleteCollegeByID" time="3.214"/>
  <system-out/>
  <testcase classname="com.epam.programs_portal.tests.api_testing.ProgramPortalAPI_Testing" name="editCollegeByID" time="1.231"/>
  <system-out/>
  <testcase classname="com.epam.programs_portal.tests.api_testing.ProgramPortalAPI_Testing" name="deleteCollegesById" time="0.614"/>
  <system-out/>
  <testcase classname="com.epam.programs_portal.tests.api_testing.ProgramPortalAPI_Testing" name="editCollegeByID" time="0.243"/>
  <system-out/>
  <testcase classname="com.epam.programs_portal.tests.api_testing.ProgramPortalAPI_Testing" name="deleteCollegesById" time="1.086"/>
  <system-out/>
  <testcase classname="com.epam.programs_portal.tests.api_testing.ProgramPortalAPI_Testing" name="deleteCollegeByID" time="2.864"/>
  <system-out/>
  <testcase classname="com.epam.programs_portal.tests.api_testing.ProgramPortalAPI_Testing" name="addCollege" time="4.999"/>
  <system-out/>
  <testcase classname="com.epam.programs_portal.tests.api_testing.ProgramPortalAPI_Testing" name="editCollegeByID" time="0.394"/>
  <system-out/>
  <testcase classname="com.epam.programs_portal.tests.api_testing.ProgramPortalAPI_Testing" name="deleteCollegesById" time="0.828"/>
  <system-out/>
  <testcase classname="com.epam.programs_portal.tests.api_testing.ProgramPortalAPI_Testing" name="deleteCollegeByID" time="2.531"/>
  <system-out/>
  <testcase classname="com.epam.programs_portal.tests.api_testing.ProgramPortalAPI_Testing" name="editCollegeByID" time="0.270"/>
  <system-out/>
  <testcase classname="com.epam.programs_portal.tests.api_testing.ProgramPortalAPI_Testing" name="addCollege" time="0.345"/>
  <system-out/>
  <testcase classname="com.epam.programs_portal.tests.api_testing.ProgramPortalAPI_Testing" name="deleteCollegeByID" time="3.110"/>
  <system-out/>
  <testcase classname="com.epam.programs_portal.tests.api_testing.ProgramPortalAPI_Testing" name="editCollegeByID" time="0.218"/>
  <system-out/>
  <testcase classname="com.epam.programs_portal.tests.api_testing.ProgramPortalAPI_Testing" name="deleteCollegeByID" time="1.904"/>
  <system-out/>
  <testcase classname="com.epam.programs_portal.tests.api_testing.ProgramPortalAPI_Testing" name="setup" time="2.475"/>
  <system-out/>
  <testcase classname="com.epam.programs_portal.tests.api_testing.ProgramPortalAPI_Testing" name="deleteCollegeByID" time="2.227"/>
  <system-out/>
  <testcase classname="com.epam.programs_portal.tests.api_testing.ProgramPortalAPI_Testing" name="deleteCollegeByID" time="3.646"/>
  <system-out/>
  <testcase classname="com.epam.programs_portal.tests.api_testing.ProgramPortalAPI_Testing" name="editCollegeByID" time="0.266"/>
  <system-out/>
  <testcase classname="com.epam.programs_portal.tests.api_testing.ProgramPortalAPI_Testing" name="deleteCollegeByID" time="3.297"/>
  <system-out/>
  <testcase classname="com.epam.programs_portal.tests.api_testing.ProgramPortalAPI_Testing" name="addCollege" time="1.474"/>
  <system-out/>
  <testcase classname="com.epam.programs_portal.tests.api_testing.ProgramPortalAPI_Testing" name="addCollege" time="0.258"/>
  <system-out/>
  <testcase classname="com.epam.programs_portal.tests.api_testing.ProgramPortalAPI_Testing" name="deleteCollegeByID" time="4.381"/>
  <system-out/>
</testsuite> <!-- com.epam.programs_portal.tests.api_testing.ProgramPortalAPI_Testing -->
