<?xml version="1.0" encoding="UTF-8"?>
<!-- Generated by org.testng.reporters.JUnitReportReporter -->
<testsuite hostname="EPINHYDW077F" failures="0" tests="1" name="com.epam.programs_portal.regression_test.SignInTestCase" time="41.650" errors="0" timestamp="2021-05-01T09:33:06 IST" skipped="0">
  <testcase classname="com.epam.programs_portal.regression_test.SignInTestCase" name="test" time="41.650"/>
  <system-out/>
</testsuite> <!-- com.epam.programs_portal.regression_test.SignInTestCase -->
