<?xml version="1.0" encoding="UTF-8"?>
<!-- Generated by org.testng.reporters.JUnitReportReporter -->
<testsuite hostname="EPINHYDW077F" failures="0" tests="9" name="com.epam.programs_portal.regression_test.AddingCollegeWithValidDataTestCase" time="43.825" errors="0" timestamp="2021-05-01T12:32:52 IST" skipped="0">
  <testcase classname="com.epam.programs_portal.regression_test.AddingCollegeWithValidDataTestCase" name="addingACollege" time="3.000"/>
  <system-out/>
  <testcase classname="com.epam.programs_portal.regression_test.AddingCollegeWithValidDataTestCase" name="addingACollege" time="3.977"/>
  <system-out/>
  <testcase classname="com.epam.programs_portal.regression_test.AddingCollegeWithValidDataTestCase" name="addingACollege" time="3.644"/>
  <system-out/>
  <testcase classname="com.epam.programs_portal.regression_test.AddingCollegeWithValidDataTestCase" name="addingACollege" time="4.104"/>
  <system-out/>
  <testcase classname="com.epam.programs_portal.regression_test.AddingCollegeWithValidDataTestCase" name="addingACollege" time="3.968"/>
  <system-out/>
  <testcase classname="com.epam.programs_portal.regression_test.AddingCollegeWithValidDataTestCase" name="tearDown" time="0.264"/>
  <system-out/>
  <testcase classname="com.epam.programs_portal.regression_test.AddingCollegeWithValidDataTestCase" name="addingACollege" time="3.862"/>
  <system-out/>
  <testcase classname="com.epam.programs_portal.regression_test.AddingCollegeWithValidDataTestCase" name="setup" time="17.115"/>
  <system-out/>
  <testcase classname="com.epam.programs_portal.regression_test.AddingCollegeWithValidDataTestCase" name="addingACollege" time="3.891"/>
  <system-out/>
</testsuite> <!-- com.epam.programs_portal.regression_test.AddingCollegeWithValidDataTestCase -->
