<?xml version="1.0" encoding="UTF-8"?>
<!-- Generated by org.testng.reporters.JUnitReportReporter -->
<testsuite hostname="EPINHYDW077F" failures="0" tests="7" name="com.epam.programs_portal.regression_test.SearchingInCollegesTestCase" time="63.831" errors="0" timestamp="2021-05-02T11:22:34 IST" skipped="0">
  <testcase classname="com.epam.programs_portal.regression_test.SearchingInCollegesTestCase" name="launchBrowser" time="26.351"/>
  <system-out/>
  <testcase classname="com.epam.programs_portal.regression_test.SearchingInCollegesTestCase" name="search" time="10.819"/>
  <system-out/>
  <testcase classname="com.epam.programs_portal.regression_test.SearchingInCollegesTestCase" name="tearDown" time="0.285"/>
  <system-out/>
  <testcase classname="com.epam.programs_portal.regression_test.SearchingInCollegesTestCase" name="search" time="8.694"/>
  <system-out/>
  <testcase classname="com.epam.programs_portal.regression_test.SearchingInCollegesTestCase" name="search" time="5.890"/>
  <system-out/>
  <testcase classname="com.epam.programs_portal.regression_test.SearchingInCollegesTestCase" name="search" time="5.789"/>
  <system-out/>
  <testcase classname="com.epam.programs_portal.regression_test.SearchingInCollegesTestCase" name="search" time="6.003"/>
  <system-out/>
</testsuite> <!-- com.epam.programs_portal.regression_test.SearchingInCollegesTestCase -->
